[INFO ] 2024-07-17 13:21:15.464 [main] DemoECommerceApp-Selenium-testNG-Java - ****************Verify Create Account Test with created user credentials Starts****************
[INFO ] 2024-07-17 13:21:15.514 [main] DemoECommerceApp-Selenium-testNG-Java - https://magento.softwaretestingboard.com/
[INFO ] 2024-07-17 13:21:18.157 [main] DemoECommerceApp-Selenium-testNG-Java - URL opened!
[INFO ] 2024-07-17 13:21:18.222 [main] DemoECommerceApp-Selenium-testNG-Java - https://magento.softwaretestingboard.com/customer/account/create/
[INFO ] 2024-07-17 13:21:18.222 [main] DemoECommerceApp-Selenium-testNG-Java - create account page opened!
[INFO ] 2024-07-17 13:21:19.111 [main] DemoECommerceApp-Selenium-testNG-Java - creating account
[INFO ] 2024-07-17 13:21:21.269 [main] DemoECommerceApp-Selenium-testNG-Java - create account button clicked!
[INFO ] 2024-07-17 13:21:21.314 [main] DemoECommerceApp-Selenium-testNG-Java - account creation failed!
[INFO ] 2024-07-17 13:21:21.400 [main] DemoECommerceApp-Selenium-testNG-Java - ****************Verify Create Account Test with created user credentials Ends****************
[INFO ] 2024-07-17 13:21:42.584 [main] DemoECommerceApp-Selenium-testNG-Java - *************************VerifyLoginTest Starts**************************
[INFO ] 2024-07-17 13:21:42.584 [main] DemoECommerceApp-Selenium-testNG-Java - Verfiy login test execution started...
[INFO ] 2024-07-17 13:21:42.584 [main] DemoECommerceApp-Selenium-testNG-Java - *******ClickLoginInHomePageTest Starts********
[INFO ] 2024-07-17 13:21:42.600 [main] DemoECommerceApp-Selenium-testNG-Java - https://magento.softwaretestingboard.com/
[INFO ] 2024-07-17 13:21:42.600 [main] DemoECommerceApp-Selenium-testNG-Java - Home page opened!
[INFO ] 2024-07-17 13:21:46.543 [main] DemoECommerceApp-Selenium-testNG-Java - login link clicked!
[INFO ] 2024-07-17 13:21:46.543 [main] DemoECommerceApp-Selenium-testNG-Java - *******ClickLoginInHomePageTest Ends********
[INFO ] 2024-07-17 13:21:46.572 [main] DemoECommerceApp-Selenium-testNG-Java - *******LoginSuccessTest Starts********
[INFO ] 2024-07-17 13:21:46.628 [main] DemoECommerceApp-Selenium-testNG-Java - https://magento.softwaretestingboard.com/customer/account/login/referer/aHR0cHM6Ly9tYWdlbnRvLnNvZnR3YXJldGVzdGluZ2JvYXJkLmNvbS8%2C/
[INFO ] 2024-07-17 13:21:46.629 [main] DemoECommerceApp-Selenium-testNG-Java - login page opened!
[INFO ] 2024-07-17 13:21:46.828 [main] DemoECommerceApp-Selenium-testNG-Java - Entered email address
[INFO ] 2024-07-17 13:21:46.994 [main] DemoECommerceApp-Selenium-testNG-Java - Enter password
[INFO ] 2024-07-17 13:21:50.305 [main] DemoECommerceApp-Selenium-testNG-Java - login submit button clicked!
[INFO ] 2024-07-17 13:21:52.709 [main] DemoECommerceApp-Selenium-testNG-Java - https://magento.softwaretestingboard.com/
[INFO ] 2024-07-17 13:21:52.753 [main] DemoECommerceApp-Selenium-testNG-Java - verify login test -- passed
[INFO ] 2024-07-17 13:21:52.754 [main] DemoECommerceApp-Selenium-testNG-Java - *******LoginSuccessTest Ends********
[INFO ] 2024-07-17 13:21:52.762 [main] DemoECommerceApp-Selenium-testNG-Java - *******LogoutSuccessTest Starts********
[INFO ] 2024-07-17 13:21:52.889 [main] DemoECommerceApp-Selenium-testNG-Java - Account dropdown is open now!
[INFO ] 2024-07-17 13:21:55.352 [main] DemoECommerceApp-Selenium-testNG-Java - logged out!
[INFO ] 2024-07-17 13:21:55.396 [main] DemoECommerceApp-Selenium-testNG-Java - https://magento.softwaretestingboard.com/customer/account/logoutSuccess/
[INFO ] 2024-07-17 13:21:55.396 [main] DemoECommerceApp-Selenium-testNG-Java - Redirected to logout success page!
[INFO ] 2024-07-17 13:22:02.359 [main] DemoECommerceApp-Selenium-testNG-Java - https://magento.softwaretestingboard.com/
[INFO ] 2024-07-17 13:22:02.359 [main] DemoECommerceApp-Selenium-testNG-Java - Redirected to home page!
[INFO ] 2024-07-17 13:22:02.359 [main] DemoECommerceApp-Selenium-testNG-Java - *******LogoutSuccessTest Ends********
[INFO ] 2024-07-17 13:22:02.359 [main] DemoECommerceApp-Selenium-testNG-Java - *************************VerifyLoginTest Ends**************************
[INFO ] 2024-07-17 13:22:20.897 [main] DemoECommerceApp-Selenium-testNG-Java - *************************VerifyProductSearchTest Starts**************************
[INFO ] 2024-07-17 13:22:20.897 [main] DemoECommerceApp-Selenium-testNG-Java - Verfiy product search test execution started...
[INFO ] 2024-07-17 13:22:20.897 [main] DemoECommerceApp-Selenium-testNG-Java - *****ClickLoginLinkTest Starts*****
[INFO ] 2024-07-17 13:22:20.917 [main] DemoECommerceApp-Selenium-testNG-Java - https://magento.softwaretestingboard.com/
[INFO ] 2024-07-17 13:22:20.917 [main] DemoECommerceApp-Selenium-testNG-Java - Home page opened!
[INFO ] 2024-07-17 13:22:24.974 [main] DemoECommerceApp-Selenium-testNG-Java - login link clicked!
[INFO ] 2024-07-17 13:22:24.976 [main] DemoECommerceApp-Selenium-testNG-Java - *****ClickLoginLinkTest Ends*****
[INFO ] 2024-07-17 13:22:25.001 [main] DemoECommerceApp-Selenium-testNG-Java - *******LoginSuccessTest Starts********
[INFO ] 2024-07-17 13:22:25.028 [main] DemoECommerceApp-Selenium-testNG-Java - https://magento.softwaretestingboard.com/customer/account/login/referer/aHR0cHM6Ly9tYWdlbnRvLnNvZnR3YXJldGVzdGluZ2JvYXJkLmNvbS8%2C/
[INFO ] 2024-07-17 13:22:25.028 [main] DemoECommerceApp-Selenium-testNG-Java - login page opened!
[INFO ] 2024-07-17 13:22:25.247 [main] DemoECommerceApp-Selenium-testNG-Java - Entered email address
[INFO ] 2024-07-17 13:22:25.403 [main] DemoECommerceApp-Selenium-testNG-Java - Enter password
[INFO ] 2024-07-17 13:22:28.251 [main] DemoECommerceApp-Selenium-testNG-Java - login submit button clicked!
[INFO ] 2024-07-17 13:22:29.537 [main] DemoECommerceApp-Selenium-testNG-Java - https://magento.softwaretestingboard.com/
[INFO ] 2024-07-17 13:22:29.590 [main] DemoECommerceApp-Selenium-testNG-Java - verify login test -- passed
[INFO ] 2024-07-17 13:22:29.590 [main] DemoECommerceApp-Selenium-testNG-Java - *******LoginSuccessTest Ends********
[INFO ] 2024-07-17 13:22:29.594 [main] DemoECommerceApp-Selenium-testNG-Java - *****SearchProductTest Starts*****
[INFO ] 2024-07-17 13:22:33.166 [main] DemoECommerceApp-Selenium-testNG-Java - Entered product name in search input and clicked enter!
[INFO ] 2024-07-17 13:22:33.166 [main] DemoECommerceApp-Selenium-testNG-Java - *****SearchProductTest Ends*****
[INFO ] 2024-07-17 13:22:33.187 [main] DemoECommerceApp-Selenium-testNG-Java - *****FindSearchedEntryProductTest Starts*****
[INFO ] 2024-07-17 13:22:33.228 [main] DemoECommerceApp-Selenium-testNG-Java - Redirected to searched product page!
[INFO ] 2024-07-17 13:22:34.352 [main] DemoECommerceApp-Selenium-testNG-Java - searched product found!
[INFO ] 2024-07-17 13:22:34.352 [main] DemoECommerceApp-Selenium-testNG-Java - *****FindSearchedEntryProductTest Ends*****
[INFO ] 2024-07-17 13:22:34.352 [main] DemoECommerceApp-Selenium-testNG-Java - *****HomePageLogoutTest Starts*****
[INFO ] 2024-07-17 13:22:34.472 [main] DemoECommerceApp-Selenium-testNG-Java - Account dropdown is open now!
[INFO ] 2024-07-17 13:22:36.407 [main] DemoECommerceApp-Selenium-testNG-Java - logged out!
[INFO ] 2024-07-17 13:22:36.438 [main] DemoECommerceApp-Selenium-testNG-Java - https://magento.softwaretestingboard.com/customer/account/logoutSuccess/?q=Selene+Yoga+Hoodie
[INFO ] 2024-07-17 13:22:43.448 [main] DemoECommerceApp-Selenium-testNG-Java - https://magento.softwaretestingboard.com/
[INFO ] 2024-07-17 13:22:43.449 [main] DemoECommerceApp-Selenium-testNG-Java - *****HomePageLogoutTest Ends*****
[INFO ] 2024-07-17 13:22:43.449 [main] DemoECommerceApp-Selenium-testNG-Java - *************************VerifyProductSearchTest Ends**************************
[INFO ] 2024-07-17 13:23:23.453 [main] DemoECommerceApp-Selenium-testNG-Java - *************************VerifyBuyProductTest Starts**************************
[INFO ] 2024-07-17 13:23:23.453 [main] DemoECommerceApp-Selenium-testNG-Java - Verfiy buy product test execution started...
[INFO ] 2024-07-17 13:23:23.453 [main] DemoECommerceApp-Selenium-testNG-Java - *****ClickLoginLinkTest Starts*****
[INFO ] 2024-07-17 13:23:23.478 [main] DemoECommerceApp-Selenium-testNG-Java - https://magento.softwaretestingboard.com/
[INFO ] 2024-07-17 13:23:23.478 [main] DemoECommerceApp-Selenium-testNG-Java - Home page opened!
[INFO ] 2024-07-17 13:23:46.589 [main] DemoECommerceApp-Selenium-testNG-Java - login link clicked!
[INFO ] 2024-07-17 13:23:46.589 [main] DemoECommerceApp-Selenium-testNG-Java - *****ClickLoginLinkTest Ends*****
[INFO ] 2024-07-17 13:23:46.617 [main] DemoECommerceApp-Selenium-testNG-Java - *******LoginSuccessTest Starts********
[INFO ] 2024-07-17 13:23:46.646 [main] DemoECommerceApp-Selenium-testNG-Java - https://magento.softwaretestingboard.com/customer/account/login/referer/aHR0cHM6Ly9tYWdlbnRvLnNvZnR3YXJldGVzdGluZ2JvYXJkLmNvbS8%2C/
[INFO ] 2024-07-17 13:23:46.646 [main] DemoECommerceApp-Selenium-testNG-Java - login page opened!
[INFO ] 2024-07-17 13:23:46.850 [main] DemoECommerceApp-Selenium-testNG-Java - Entered email address
[INFO ] 2024-07-17 13:23:46.963 [main] DemoECommerceApp-Selenium-testNG-Java - Enter password
[INFO ] 2024-07-17 13:24:11.715 [main] DemoECommerceApp-Selenium-testNG-Java - login submit button clicked!
[INFO ] 2024-07-17 13:24:11.935 [main] DemoECommerceApp-Selenium-testNG-Java - https://magento.softwaretestingboard.com/
[INFO ] 2024-07-17 13:24:12.024 [main] DemoECommerceApp-Selenium-testNG-Java - verify login test -- passed
[INFO ] 2024-07-17 13:24:12.024 [main] DemoECommerceApp-Selenium-testNG-Java - *******LoginSuccessTest Ends********
[INFO ] 2024-07-17 13:24:12.030 [main] DemoECommerceApp-Selenium-testNG-Java - *****SearchProductTest Starts*****
[INFO ] 2024-07-17 13:24:15.245 [main] DemoECommerceApp-Selenium-testNG-Java - Entered product name in search input and clicked enter!
[INFO ] 2024-07-17 13:24:15.245 [main] DemoECommerceApp-Selenium-testNG-Java - *****SearchProductTest Ends*****
[INFO ] 2024-07-17 13:24:15.249 [main] DemoECommerceApp-Selenium-testNG-Java - *****FindSearchedEntryProductTest Starts*****
[INFO ] 2024-07-17 13:24:15.296 [main] DemoECommerceApp-Selenium-testNG-Java - Redirected to searched product page!
[INFO ] 2024-07-17 13:24:16.163 [main] DemoECommerceApp-Selenium-testNG-Java - searched product found!
[INFO ] 2024-07-17 13:24:16.163 [main] DemoECommerceApp-Selenium-testNG-Java - *****FindSearchedEntryProductTest Ends*****
[INFO ] 2024-07-17 13:24:16.165 [main] DemoECommerceApp-Selenium-testNG-Java - *****ProductAddToCartTest Starts*****
[INFO ] 2024-07-17 13:24:16.275 [main] DemoECommerceApp-Selenium-testNG-Java - selected size!
[INFO ] 2024-07-17 13:24:16.400 [main] DemoECommerceApp-Selenium-testNG-Java - selected color!
[INFO ] 2024-07-17 13:24:16.534 [main] DemoECommerceApp-Selenium-testNG-Java - add to cart button clicked!
[INFO ] 2024-07-17 13:24:18.669 [main] DemoECommerceApp-Selenium-testNG-Java - product added to cart alert message!
[INFO ] 2024-07-17 13:24:18.776 [main] DemoECommerceApp-Selenium-testNG-Java - cart count updated!
[INFO ] 2024-07-17 13:24:18.777 [main] DemoECommerceApp-Selenium-testNG-Java - *****ProductAddToCartTest Ends*****
[INFO ] 2024-07-17 13:24:18.786 [main] DemoECommerceApp-Selenium-testNG-Java - *****ProceedToCheckoutTest Starts*****
[INFO ] 2024-07-17 13:24:18.888 [main] DemoECommerceApp-Selenium-testNG-Java - cart button clicked!
[INFO ] 2024-07-17 13:24:23.334 [main] DemoECommerceApp-Selenium-testNG-Java - checkOut button clicked!
[INFO ] 2024-07-17 13:24:23.334 [main] DemoECommerceApp-Selenium-testNG-Java - *****ProceedToCheckoutTest Ends*****
[INFO ] 2024-07-17 13:24:23.358 [main] DemoECommerceApp-Selenium-testNG-Java - *****CheckBillingAddressTest Starts*****
[INFO ] 2024-07-17 13:24:23.927 [main] DemoECommerceApp-Selenium-testNG-Java - https://magento.softwaretestingboard.com/checkout/#shipping
[INFO ] 2024-07-17 13:24:23.927 [main] DemoECommerceApp-Selenium-testNG-Java - checkout page opened!
[INFO ] 2024-07-17 13:24:25.701 [main] DemoECommerceApp-Selenium-testNG-Java - shipping address selected!
[INFO ] 2024-07-17 13:24:25.701 [main] DemoECommerceApp-Selenium-testNG-Java - *****CheckBillingAddressTest Ends*****
[INFO ] 2024-07-17 13:24:25.708 [main] DemoECommerceApp-Selenium-testNG-Java - *****CheckOrderDetailsTest Starts*****
[INFO ] 2024-07-17 13:24:26.501 [main] DemoECommerceApp-Selenium-testNG-Java - order summary list!
[INFO ] 2024-07-17 13:24:26.650 [main] DemoECommerceApp-Selenium-testNG-Java - next button clicked!
[INFO ] 2024-07-17 13:24:26.650 [main] DemoECommerceApp-Selenium-testNG-Java - *****CheckOrderDetailsTest Ends*****
[INFO ] 2024-07-17 13:24:26.660 [main] DemoECommerceApp-Selenium-testNG-Java - *****PlaceOrderTest Starts*****
[INFO ] 2024-07-17 13:24:27.923 [main] DemoECommerceApp-Selenium-testNG-Java - https://magento.softwaretestingboard.com/checkout/#payment
[INFO ] 2024-07-17 13:24:30.139 [main] DemoECommerceApp-Selenium-testNG-Java - billing address selected!
[INFO ] 2024-07-17 13:24:30.543 [main] DemoECommerceApp-Selenium-testNG-Java - place order button clicked!
[INFO ] 2024-07-17 13:24:30.545 [main] DemoECommerceApp-Selenium-testNG-Java - *****PlaceOrderTest Ends*****
[INFO ] 2024-07-17 13:24:30.557 [main] DemoECommerceApp-Selenium-testNG-Java - *****OrderSuccessandReceiptTest Starts*****
[INFO ] 2024-07-17 13:24:34.205 [main] DemoECommerceApp-Selenium-testNG-Java - https://magento.softwaretestingboard.com/checkout/onepage/success/
[INFO ] 2024-07-17 13:24:34.205 [main] DemoECommerceApp-Selenium-testNG-Java - order confirmation page opened!
[INFO ] 2024-07-17 13:24:34.269 [main] DemoECommerceApp-Selenium-testNG-Java - order number is: 000010895
[INFO ] 2024-07-17 13:24:36.090 [main] DemoECommerceApp-Selenium-testNG-Java - click order number link to get order details and receipt!
[INFO ] 2024-07-17 13:24:36.102 [main] DemoECommerceApp-Selenium-testNG-Java - product order receipt page opened!
[INFO ] 2024-07-17 13:24:36.158 [main] DemoECommerceApp-Selenium-testNG-Java - product order id is same!
[INFO ] 2024-07-17 13:24:36.296 [main] DemoECommerceApp-Selenium-testNG-Java - product and search entry are same!
[INFO ] 2024-07-17 13:24:36.328 [main] DemoECommerceApp-Selenium-testNG-Java - scroll down to see order details!
[INFO ] 2024-07-17 13:24:36.360 [main] DemoECommerceApp-Selenium-testNG-Java - scroll down to see billing address!
[INFO ] 2024-07-17 13:24:36.360 [main] DemoECommerceApp-Selenium-testNG-Java - *****OrderSuccessandReceiptTest Ends*****
[INFO ] 2024-07-17 13:24:36.363 [main] DemoECommerceApp-Selenium-testNG-Java - *****PrintOrderTest Starts*****
[INFO ] 2024-07-17 13:24:36.652 [main] DemoECommerceApp-Selenium-testNG-Java - clicked print order!
[INFO ] 2024-07-17 13:24:38.681 [main] DemoECommerceApp-Selenium-testNG-Java - https://magento.softwaretestingboard.com/sales/order/print/order_id/10891/
[INFO ] 2024-07-17 13:24:38.682 [main] DemoECommerceApp-Selenium-testNG-Java - switched to print order page!
[INFO ] 2024-07-17 13:24:38.931 [main] DemoECommerceApp-Selenium-testNG-Java - closed print order page!
[INFO ] 2024-07-17 13:24:38.931 [main] DemoECommerceApp-Selenium-testNG-Java - *****PrintOrderTest Ends*****
[INFO ] 2024-07-17 13:24:38.955 [main] DemoECommerceApp-Selenium-testNG-Java - *****LogoutTest Starts*****
[INFO ] 2024-07-17 13:24:39.121 [main] DemoECommerceApp-Selenium-testNG-Java - Account dropdown is open now!
[INFO ] 2024-07-17 13:24:40.742 [main] DemoECommerceApp-Selenium-testNG-Java - logged out!
[INFO ] 2024-07-17 13:24:40.758 [main] DemoECommerceApp-Selenium-testNG-Java - https://magento.softwaretestingboard.com/customer/account/logoutSuccess/
[INFO ] 2024-07-17 13:24:46.871 [main] DemoECommerceApp-Selenium-testNG-Java - https://magento.softwaretestingboard.com/
[INFO ] 2024-07-17 13:24:46.872 [main] DemoECommerceApp-Selenium-testNG-Java - *****LogoutTest Ends*****
[INFO ] 2024-07-17 13:24:46.873 [main] DemoECommerceApp-Selenium-testNG-Java - *************************VerifyProductSearchTest Ends**************************
